<?xml version="1.0" encoding="UTF-8"?>
<Site BuildName="Linux-g++"
	BuildStamp="20230629-0312-Experimental"
	Name="JOSH-PC"
	Generator="ctest-3.22.1"
	CompilerName="/usr/bin/g++"
	CompilerVersion="11.3.0"
	OSName="Linux"
	Hostname="JOSH-PC"
	OSRelease="5.10.16.3-microsoft-standard-WSL2"
	OSVersion="#1 SMP Fri Apr 2 22:23:49 UTC 2021"
	OSPlatform="x86_64"
	Is64Bits="1"
	VendorString="GenuineIntel"
	VendorID="Intel Corporation"
	FamilyID="6"
	ModelID="158"
	ProcessorCacheSize="9216"
	NumberOfLogicalCPU="6"
	NumberOfPhysicalCPU="6"
	TotalVirtualMemory="1024"
	TotalPhysicalMemory="3854"
	LogicalProcessorsPerPhysical="1"
	ProcessorClockFrequency="3600.01"
	>
	<Testing>
		<StartDateTime>Jun 28 23:17 EDT</StartDateTime>
		<StartTestTime>1688008631</StartTestTime>
		<TestList>
			<Test>./test/sort/test_sort</Test>
		</TestList>
		<Test Status="passed">
			<Name>test_sort</Name>
			<Path>./test/sort</Path>
			<FullName>./test/sort/test_sort</FullName>
			<FullCommandLine>/home/josh/proj/homework/cs32/algorithm/build/test/sort/test_sort</FullCommandLine>
			<Results>
				<NamedMeasurement type="numeric/double" name="Execution Time">
					<Value>0.0093853</Value>
				</NamedMeasurement>
				<NamedMeasurement type="numeric/double" name="Processors">
					<Value>1</Value>
				</NamedMeasurement>
				<NamedMeasurement type="text/string" name="Completion Status">
					<Value>Completed</Value>
				</NamedMeasurement>
				<NamedMeasurement type="text/string" name="Command Line">
					<Value>/home/josh/proj/homework/cs32/algorithm/build/test/sort/test_sort</Value>
				</NamedMeasurement>
				<NamedMeasurement type="text/string" name="Environment">
					<Value>#CTEST_RESOURCE_GROUP_COUNT=</Value>
				</NamedMeasurement>
				<Measurement>
					<Value encoding="base64" compression="gzip">eJyNkk1PwzAMhu/5FT5uUpd+TtDDDkgghBAwbXCqJhRarws0yZRkIPHrSdqpohMb88mJ3zzOm3ixk5LLGgTjcjSGtVYCwo0SGL4rswlTXYW1UnWDFo39nRpdhrXPXv1RWpakmPWxgsWem4LXmA4ctwswO26RkmLSxwpuG/XGmq6O8pNrJQVKp0U72W0PxAPos0uXSltSwOLlEdpY9bvUJ3fSoLZcSafp4un+qAZGEQgzPoF7QF3jCVRbP42Zo14rLZgs0e+RvruvwlarEo1BAxWzDAz/xlkcREkWgMYtMmc9mV4EceIelAs0AVj24dQxvYzS3LWlpL3DubA4D9IoGbIimmfZtGX97fTAAoyyzu+/H9UpwSrLmjE5bwwsMj2p1JccTtnR6QLNJB02ci7mV8vlzbX/iP1BSn4AkpjyAg==</Value>
				</Measurement>
			</Results>
		</Test>
		<EndDateTime>Jun 28 23:17 EDT</EndDateTime>
		<EndTestTime>1688008631</EndTestTime>
		<ElapsedMinutes>0</ElapsedMinutes>
	</Testing>
</Site>
